# JRE version: OpenJDK Runtime Environment (8.0_112-b06) (build 1.8.0_112-release-b06)
# Java VM: OpenJDK 64-Bit Server VM (25.112-b06 mixed mode linux-amd64 compressed oops)
Heap:
 PSYoungGen      total 349696K, used 12923K [0x00000000e0000000, 0x0000000100000000, 0x0000000100000000)
  eden space 175104K, 0% used [0x00000000e0000000,0x00000000e0000000,0x00000000eab00000)
  from space 174592K, 7% used [0x00000000f5580000,0x00000000f621ee80,0x0000000100000000)
  to   space 174592K, 0% used [0x00000000eab00000,0x00000000eab00000,0x00000000f5580000)
 ParOldGen       total 834048K, used 833753K [0x00000000a0000000, 0x00000000d2e80000, 0x00000000e0000000)
  object space 834048K, 99% used [0x00000000a0000000,0x00000000d2e36530,0x00000000d2e80000)
 Metaspace       used 79557K, capacity 83954K, committed 85528K, reserved 1124352K
  class space    used 9943K, capacity 10655K, committed 11056K, reserved 1048576K
GC Heap History (10 events):
Event: 5736,077 GC heap after
Heap after GC invocations=72 (full 8):
 PSYoungGen      total 332288K, used 82382K [0x00000000e0000000, 0x00000000fed00000, 0x0000000100000000)
  eden space 186368K, 0% used [0x00000000e0000000,0x00000000e0000000,0x00000000eb600000)
  from space 145920K, 56% used [0x00000000f5e80000,0x00000000faef3950,0x00000000fed00000)
  to   space 159232K, 0% used [0x00000000eb600000,0x00000000eb600000,0x00000000f5180000)
 ParOldGen       total 834048K, used 710662K [0x00000000a0000000, 0x00000000d2e80000, 0x00000000e0000000)
  object space 834048K, 85% used [0x00000000a0000000,0x00000000cb601998,0x00000000d2e80000)
 Metaspace       used 79543K, capacity 83954K, committed 85528K, reserved 1124352K
  class space    used 9942K, capacity 10655K, committed 11056K, reserved 1048576K
}
Event: 5736,467 GC heap before
{Heap before GC invocations=73 (full 8):
 PSYoungGen      total 332288K, used 268750K [0x00000000e0000000, 0x00000000fed00000, 0x0000000100000000)
  eden space 186368K, 100% used [0x00000000e0000000,0x00000000eb600000,0x00000000eb600000)
  from space 145920K, 56% used [0x00000000f5e80000,0x00000000faef3950,0x00000000fed00000)
  to   space 159232K, 0% used [0x00000000eb600000,0x00000000eb600000,0x00000000f5180000)
 ParOldGen       total 834048K, used 710662K [0x00000000a0000000, 0x00000000d2e80000, 0x00000000e0000000)
  object space 834048K, 85% used [0x00000000a0000000,0x00000000cb601998,0x00000000d2e80000)
 Metaspace       used 79543K, capacity 83954K, committed 85528K, reserved 1124352K
  class space    used 9942K, capacity 10655K, committed 11056K, reserved 1048576K
Event: 5736,609 GC heap after
Heap after GC invocations=73 (full 8):
 PSYoungGen      total 345600K, used 110560K [0x00000000e0000000, 0x0000000100000000, 0x0000000100000000)
  eden space 186368K, 0% used [0x00000000e0000000,0x00000000e0000000,0x00000000eb600000)
  from space 159232K, 69% used [0x00000000eb600000,0x00000000f21f8140,0x00000000f5180000)
  to   space 163840K, 0% used [0x00000000f6000000,0x00000000f6000000,0x0000000100000000)
 ParOldGen       total 834048K, used 710662K [0x00000000a0000000, 0x00000000d2e80000, 0x00000000e0000000)
  object space 834048K, 85% used [0x00000000a0000000,0x00000000cb601998,0x00000000d2e80000)
 Metaspace       used 79543K, capacity 83954K, committed 85528K, reserved 1124352K
  class space    used 9942K, capacity 10655K, committed 11056K, reserved 1048576K
}
Event: 5737,014 GC heap before
{Heap before GC invocations=74 (full 8):
 PSYoungGen      total 345600K, used 296928K [0x00000000e0000000, 0x0000000100000000, 0x0000000100000000)
  eden space 186368K, 100% used [0x00000000e0000000,0x00000000eb600000,0x00000000eb600000)
  from space 159232K, 69% used [0x00000000eb600000,0x00000000f21f8140,0x00000000f5180000)
  to   space 163840K, 0% used [0x00000000f6000000,0x00000000f6000000,0x0000000100000000)
 ParOldGen       total 834048K, used 710662K [0x00000000a0000000, 0x00000000d2e80000, 0x00000000e0000000)
  object space 834048K, 85% used [0x00000000a0000000,0x00000000cb601998,0x00000000d2e80000)
 Metaspace       used 79543K, capacity 83954K, committed 85528K, reserved 1124352K
  class space    used 9942K, capacity 10655K, committed 11056K, reserved 1048576K
Event: 5737,150 GC heap after
Heap after GC invocations=74 (full 8):
 PSYoungGen      total 342016K, used 127496K [0x00000000e0000000, 0x0000000100000000, 0x0000000100000000)
  eden space 178176K, 0% used [0x00000000e0000000,0x00000000e0000000,0x00000000eae00000)
  from space 163840K, 77% used [0x00000000f6000000,0x00000000fdc823c0,0x0000000100000000)
  to   space 173056K, 0% used [0x00000000eae00000,0x00000000eae00000,0x00000000f5700000)
 ParOldGen       total 834048K, used 720888K [0x00000000a0000000, 0x00000000d2e80000, 0x00000000e0000000)
  object space 834048K, 86% used [0x00000000a0000000,0x00000000cbffe340,0x00000000d2e80000)
 Metaspace       used 79543K, capacity 83954K, committed 85528K, reserved 1124352K
  class space    used 9942K, capacity 10655K, committed 11056K, reserved 1048576K
}
Event: 5737,757 GC heap before
{Heap before GC invocations=75 (full 8):
 PSYoungGen      total 342016K, used 305672K [0x00000000e0000000, 0x0000000100000000, 0x0000000100000000)
  eden space 178176K, 100% used [0x00000000e0000000,0x00000000eae00000,0x00000000eae00000)
  from space 163840K, 77% used [0x00000000f6000000,0x00000000fdc823c0,0x0000000100000000)
  to   space 173056K, 0% used [0x00000000eae00000,0x00000000eae00000,0x00000000f5700000)
 ParOldGen       total 834048K, used 720888K [0x00000000a0000000, 0x00000000d2e80000, 0x00000000e0000000)
  object space 834048K, 86% used [0x00000000a0000000,0x00000000cbffe340,0x00000000d2e80000)
 Metaspace       used 79544K, capacity 83954K, committed 85528K, reserved 1124352K
  class space    used 9942K, capacity 10655K, committed 11056K, reserved 1048576K
Event: 5737,906 GC heap after
Heap after GC invocations=75 (full 8):
 PSYoungGen      total 312320K, used 133647K [0x00000000e0000000, 0x0000000100000000, 0x0000000100000000)
  eden space 178176K, 0% used [0x00000000e0000000,0x00000000e0000000,0x00000000eae00000)
  from space 134144K, 99% used [0x00000000eae00000,0x00000000f3083d20,0x00000000f3100000)
  to   space 174592K, 0% used [0x00000000f5580000,0x00000000f5580000,0x0000000100000000)
 ParOldGen       total 834048K, used 746273K [0x00000000a0000000, 0x00000000d2e80000, 0x00000000e0000000)
  object space 834048K, 89% used [0x00000000a0000000,0x00000000cd8c8620,0x00000000d2e80000)
 Metaspace       used 79544K, capacity 83954K, committed 85528K, reserved 1124352K
  class space    used 9942K, capacity 10655K, committed 11056K, reserved 1048576K
}
Event: 5738,371 GC heap before
{Heap before GC invocations=76 (full 8):
 PSYoungGen      total 312320K, used 311823K [0x00000000e0000000, 0x0000000100000000, 0x0000000100000000)
  eden space 178176K, 100% used [0x00000000e0000000,0x00000000eae00000,0x00000000eae00000)
  from space 134144K, 99% used [0x00000000eae00000,0x00000000f3083d20,0x00000000f3100000)
  to   space 174592K, 0% used [0x00000000f5580000,0x00000000f5580000,0x0000000100000000)
 ParOldGen       total 834048K, used 746273K [0x00000000a0000000, 0x00000000d2e80000, 0x00000000e0000000)
  object space 834048K, 89% used [0x00000000a0000000,0x00000000cd8c8620,0x00000000d2e80000)
 Metaspace       used 79557K, capacity 83954K, committed 85528K, reserved 1124352K
  class space    used 9943K, capacity 10655K, committed 11056K, reserved 1048576K
Event: 5738,571 GC heap after
Heap after GC invocations=76 (full 8):
 PSYoungGen      total 349696K, used 112645K [0x00000000e0000000, 0x0000000100000000, 0x0000000100000000)
  eden space 175104K, 0% used [0x00000000e0000000,0x00000000e0000000,0x00000000eab00000)
  from space 174592K, 64% used [0x00000000f5580000,0x00000000fc381670,0x0000000100000000)
  to   space 174592K, 0% used [0x00000000eab00000,0x00000000eab00000,0x00000000f5580000)
 ParOldGen       total 834048K, used 792515K [0x00000000a0000000, 0x00000000d2e80000, 0x00000000e0000000)
  object space 834048K, 95% used [0x00000000a0000000,0x00000000d05f0f18,0x00000000d2e80000)
 Metaspace       used 79557K, capacity 83954K, committed 85528K, reserved 1124352K
  class space    used 9943K, capacity 10655K, committed 11056K, reserved 1048576K
}
Event: 5738,571 GC heap before
{Heap before GC invocations=77 (full 9):
 PSYoungGen      total 349696K, used 112645K [0x00000000e0000000, 0x0000000100000000, 0x0000000100000000)
  eden space 175104K, 0% used [0x00000000e0000000,0x00000000e0000000,0x00000000eab00000)
  from space 174592K, 64% used [0x00000000f5580000,0x00000000fc381670,0x0000000100000000)
  to   space 174592K, 0% used [0x00000000eab00000,0x00000000eab00000,0x00000000f5580000)
 ParOldGen       total 834048K, used 792515K [0x00000000a0000000, 0x00000000d2e80000, 0x00000000e0000000)
  object space 834048K, 95% used [0x00000000a0000000,0x00000000d05f0f18,0x00000000d2e80000)
 Metaspace       used 79557K, capacity 83954K, committed 85528K, reserved 1124352K
  class space    used 9943K, capacity 10655K, committed 11056K, reserved 1048576K

